<?xml version="1.0" encoding="UTF-8"?>
<robot generator="Robot 4.0.3 (Python 3.9.5 on win32)" generated="20210708 13:49:38.535" rpa="false" schemaversion="2">
<suite id="s1" name="Selenium2 Test" source="C:\Users\mtseetharamu\Documents\RobotProject\Selenium Suite\selenium2_test.robot">
<test id="s1-t1" name="TC5">
<kw name="Set Local Variable" library="BuiltIn">
<arg>${text}</arg>
<arg>Showing 1 to 10 of 57 entries</arg>
<doc>Makes a variable available everywhere within the local scope.</doc>
<msg timestamp="20210708 13:49:38.817" level="INFO">${text} = Showing 1 to 10 of 57 entries</msg>
<status status="PASS" starttime="20210708 13:49:38.816" endtime="20210708 13:49:38.817"/>
</kw>
<kw name="Fetch From Right" library="String">
<var>${text}</var>
<arg>${text}</arg>
<arg>of</arg>
<doc>Returns contents of the ``string`` after the last occurrence of ``marker``.</doc>
<msg timestamp="20210708 13:49:38.818" level="INFO">${text} =  57 entries</msg>
<status status="PASS" starttime="20210708 13:49:38.818" endtime="20210708 13:49:38.818"/>
</kw>
<kw name="Log To Console" library="BuiltIn">
<arg>${text}</arg>
<doc>Logs the given message to the console.</doc>
<status status="PASS" starttime="20210708 13:49:38.819" endtime="20210708 13:49:38.819"/>
</kw>
<kw name="Remove String" library="String">
<var>${text}</var>
<arg>${text}</arg>
<arg>entries</arg>
<doc>Removes all ``removables`` from the given ``string``.</doc>
<msg timestamp="20210708 13:49:38.821" level="INFO">${text} =  57 </msg>
<status status="PASS" starttime="20210708 13:49:38.821" endtime="20210708 13:49:38.821"/>
</kw>
<kw name="Log To Console" library="BuiltIn">
<arg>${text}</arg>
<doc>Logs the given message to the console.</doc>
<status status="PASS" starttime="20210708 13:49:38.821" endtime="20210708 13:49:38.822"/>
</kw>
<kw name="Strip String" library="String">
<var>${text}</var>
<arg>${text}</arg>
<doc>Remove leading and/or trailing whitespaces from the given string.</doc>
<msg timestamp="20210708 13:49:38.822" level="INFO">${text} = 57</msg>
<status status="PASS" starttime="20210708 13:49:38.822" endtime="20210708 13:49:38.823"/>
</kw>
<kw name="Log To Console" library="BuiltIn">
<arg>${text}</arg>
<doc>Logs the given message to the console.</doc>
<status status="PASS" starttime="20210708 13:49:38.823" endtime="20210708 13:49:38.823"/>
</kw>
<kw name="Evaluate" library="BuiltIn">
<var>${text}</var>
<arg>math.ceil(${text}/10)</arg>
<doc>Evaluates the given expression in Python and returns the result.</doc>
<msg timestamp="20210708 13:49:38.824" level="INFO">${text} = 6</msg>
<status status="PASS" starttime="20210708 13:49:38.824" endtime="20210708 13:49:38.824"/>
</kw>
<kw name="Log To Console" library="BuiltIn">
<arg>${text}</arg>
<doc>Logs the given message to the console.</doc>
<status status="PASS" starttime="20210708 13:49:38.824" endtime="20210708 13:49:38.825"/>
</kw>
<status status="PASS" starttime="20210708 13:49:38.816" endtime="20210708 13:49:38.826"/>
</test>
<status status="PASS" starttime="20210708 13:49:38.537" endtime="20210708 13:49:38.827"/>
</suite>
<statistics>
<total>
<stat pass="1" fail="0" skip="0">All Tests</stat>
</total>
<tag>
</tag>
<suite>
<stat pass="1" fail="0" skip="0" id="s1" name="Selenium2 Test">Selenium2 Test</stat>
</suite>
</statistics>
<errors>
</errors>
</robot>
